The system is: Darwin - 18.2.0 - x86_64
Compiling the C compiler identification source file "CMakeCCompilerId.c" succeeded.
Compiler: /Users/naville/Downloads/LLVM7/bin/clang 
Build flags: 
Id flags:  

The output was:
0


Compilation of the C compiler identification source "CMakeCCompilerId.c" produced "a.out"

The C compiler identification is Clang, found in "/Users/naville/Desktop/L4Project/GPU/CMakeFiles/3.12.3/CompilerIdC/a.out"

Compiling the CXX compiler identification source file "CMakeCXXCompilerId.cpp" succeeded.
Compiler: /Users/naville/Downloads/LLVM7/bin/clang++ 
Build flags: -fopenmp
Id flags:  

The output was:
0


Compilation of the CXX compiler identification source "CMakeCXXCompilerId.cpp" produced "a.out"

The CXX compiler identification is Clang, found in "/Users/naville/Desktop/L4Project/GPU/CMakeFiles/3.12.3/CompilerIdCXX/a.out"

Determining if the C compiler works passed with the following output:
Change Dir: /Users/naville/Desktop/L4Project/GPU/CMakeFiles/CMakeTmp

Run Build Command:"/usr/bin/make" "cmTC_43afd/fast"
/Applications/Xcode.app/Contents/Developer/usr/bin/make -f CMakeFiles/cmTC_43afd.dir/build.make CMakeFiles/cmTC_43afd.dir/build
Building C object CMakeFiles/cmTC_43afd.dir/testCCompiler.c.o
/Users/naville/Downloads/LLVM7/bin/clang    -o CMakeFiles/cmTC_43afd.dir/testCCompiler.c.o   -c /Users/naville/Desktop/L4Project/GPU/CMakeFiles/CMakeTmp/testCCompiler.c
Linking C executable cmTC_43afd
/usr/local/Cellar/cmake/3.12.3/bin/cmake -E cmake_link_script CMakeFiles/cmTC_43afd.dir/link.txt --verbose=1
/Users/naville/Downloads/LLVM7/bin/clang   -Wl,-search_paths_first -Wl,-headerpad_max_install_names   CMakeFiles/cmTC_43afd.dir/testCCompiler.c.o  -o cmTC_43afd 


Detecting C compiler ABI info compiled with the following output:
Change Dir: /Users/naville/Desktop/L4Project/GPU/CMakeFiles/CMakeTmp

Run Build Command:"/usr/bin/make" "cmTC_e4e63/fast"
/Applications/Xcode.app/Contents/Developer/usr/bin/make -f CMakeFiles/cmTC_e4e63.dir/build.make CMakeFiles/cmTC_e4e63.dir/build
Building C object CMakeFiles/cmTC_e4e63.dir/CMakeCCompilerABI.c.o
/Users/naville/Downloads/LLVM7/bin/clang    -o CMakeFiles/cmTC_e4e63.dir/CMakeCCompilerABI.c.o   -c /usr/local/Cellar/cmake/3.12.3/share/cmake/Modules/CMakeCCompilerABI.c
Linking C executable cmTC_e4e63
/usr/local/Cellar/cmake/3.12.3/bin/cmake -E cmake_link_script CMakeFiles/cmTC_e4e63.dir/link.txt --verbose=1
/Users/naville/Downloads/LLVM7/bin/clang   -Wl,-search_paths_first -Wl,-headerpad_max_install_names  -v -Wl,-v CMakeFiles/cmTC_e4e63.dir/CMakeCCompilerABI.c.o  -o cmTC_e4e63 
clang version 7.0.0 (tags/RELEASE_700/final)
Target: x86_64-apple-darwin18.2.0
Thread model: posix
InstalledDir: /Users/naville/Downloads/LLVM7/bin
 "/usr/bin/ld" -demangle -lto_library /Users/naville/Downloads/LLVM7/lib/libLTO.dylib -dynamic -arch x86_64 -macosx_version_min 10.14.0 -o cmTC_e4e63 -search_paths_first -headerpad_max_install_names -v CMakeFiles/cmTC_e4e63.dir/CMakeCCompilerABI.c.o -lSystem /Users/naville/Downloads/LLVM7/lib/clang/7.0.0/lib/darwin/libclang_rt.osx.a
@(#)PROGRAM:ld  PROJECT:ld64-409.12
BUILD 17:47:51 Sep 25 2018
configured to support archs: armv6 armv7 armv7s arm64 i386 x86_64 x86_64h armv6m armv7k armv7m armv7em arm64e arm64_32
Library search paths:
	/usr/lib
	/usr/local/lib
Framework search paths:
	/Library/Frameworks/
	/System/Library/Frameworks/


Parsed C implicit link information from above output:
  link line regex: [^( *|.*[/\])(ld|CMAKE_LINK_STARTFILE-NOTFOUND|([^/\]+-)?ld|collect2)[^/\]*( |$)]
  ignore line: [Change Dir: /Users/naville/Desktop/L4Project/GPU/CMakeFiles/CMakeTmp]
  ignore line: []
  ignore line: [Run Build Command:"/usr/bin/make" "cmTC_e4e63/fast"]
  ignore line: [/Applications/Xcode.app/Contents/Developer/usr/bin/make -f CMakeFiles/cmTC_e4e63.dir/build.make CMakeFiles/cmTC_e4e63.dir/build]
  ignore line: [Building C object CMakeFiles/cmTC_e4e63.dir/CMakeCCompilerABI.c.o]
  ignore line: [/Users/naville/Downloads/LLVM7/bin/clang    -o CMakeFiles/cmTC_e4e63.dir/CMakeCCompilerABI.c.o   -c /usr/local/Cellar/cmake/3.12.3/share/cmake/Modules/CMakeCCompilerABI.c]
  ignore line: [Linking C executable cmTC_e4e63]
  ignore line: [/usr/local/Cellar/cmake/3.12.3/bin/cmake -E cmake_link_script CMakeFiles/cmTC_e4e63.dir/link.txt --verbose=1]
  ignore line: [/Users/naville/Downloads/LLVM7/bin/clang   -Wl,-search_paths_first -Wl,-headerpad_max_install_names  -v -Wl,-v CMakeFiles/cmTC_e4e63.dir/CMakeCCompilerABI.c.o  -o cmTC_e4e63 ]
  ignore line: [clang version 7.0.0 (tags/RELEASE_700/final)]
  ignore line: [Target: x86_64-apple-darwin18.2.0]
  ignore line: [Thread model: posix]
  ignore line: [InstalledDir: /Users/naville/Downloads/LLVM7/bin]
  link line: [ "/usr/bin/ld" -demangle -lto_library /Users/naville/Downloads/LLVM7/lib/libLTO.dylib -dynamic -arch x86_64 -macosx_version_min 10.14.0 -o cmTC_e4e63 -search_paths_first -headerpad_max_install_names -v CMakeFiles/cmTC_e4e63.dir/CMakeCCompilerABI.c.o -lSystem /Users/naville/Downloads/LLVM7/lib/clang/7.0.0/lib/darwin/libclang_rt.osx.a]
    arg [/usr/bin/ld] ==> ignore
    arg [-demangle] ==> ignore
    arg [-lto_library] ==> ignore, skip following value
    arg [/Users/naville/Downloads/LLVM7/lib/libLTO.dylib] ==> skip value of -lto_library
    arg [-dynamic] ==> ignore
    arg [-arch] ==> ignore
    arg [x86_64] ==> ignore
    arg [-macosx_version_min] ==> ignore
    arg [10.14.0] ==> ignore
    arg [-o] ==> ignore
    arg [cmTC_e4e63] ==> ignore
    arg [-search_paths_first] ==> ignore
    arg [-headerpad_max_install_names] ==> ignore
    arg [-v] ==> ignore
    arg [CMakeFiles/cmTC_e4e63.dir/CMakeCCompilerABI.c.o] ==> ignore
    arg [-lSystem] ==> lib [System]
    arg [/Users/naville/Downloads/LLVM7/lib/clang/7.0.0/lib/darwin/libclang_rt.osx.a] ==> lib [/Users/naville/Downloads/LLVM7/lib/clang/7.0.0/lib/darwin/libclang_rt.osx.a]
  Library search paths: [;/usr/lib;/usr/local/lib]
  Framework search paths: [;/Library/Frameworks/;/System/Library/Frameworks/]
  remove lib [System]
  remove lib [/Users/naville/Downloads/LLVM7/lib/clang/7.0.0/lib/darwin/libclang_rt.osx.a]
  collapse library dir [/usr/lib] ==> [/usr/lib]
  collapse library dir [/usr/local/lib] ==> [/usr/local/lib]
  collapse framework dir [/Library/Frameworks/] ==> [/Library/Frameworks]
  collapse framework dir [/System/Library/Frameworks/] ==> [/System/Library/Frameworks]
  implicit libs: []
  implicit dirs: [/usr/lib;/usr/local/lib]
  implicit fwks: [/Library/Frameworks;/System/Library/Frameworks]




Detecting C [-std=c11] compiler features compiled with the following output:
Change Dir: /Users/naville/Desktop/L4Project/GPU/CMakeFiles/CMakeTmp

Run Build Command:"/usr/bin/make" "cmTC_5b94c/fast"
/Applications/Xcode.app/Contents/Developer/usr/bin/make -f CMakeFiles/cmTC_5b94c.dir/build.make CMakeFiles/cmTC_5b94c.dir/build
Building C object CMakeFiles/cmTC_5b94c.dir/feature_tests.c.o
/Users/naville/Downloads/LLVM7/bin/clang   -std=c11 -o CMakeFiles/cmTC_5b94c.dir/feature_tests.c.o   -c /Users/naville/Desktop/L4Project/GPU/CMakeFiles/feature_tests.c
Linking C executable cmTC_5b94c
/usr/local/Cellar/cmake/3.12.3/bin/cmake -E cmake_link_script CMakeFiles/cmTC_5b94c.dir/link.txt --verbose=1
/Users/naville/Downloads/LLVM7/bin/clang   -Wl,-search_paths_first -Wl,-headerpad_max_install_names   CMakeFiles/cmTC_5b94c.dir/feature_tests.c.o  -o cmTC_5b94c 


    Feature record: C_FEATURE:1c_function_prototypes
    Feature record: C_FEATURE:1c_restrict
    Feature record: C_FEATURE:1c_static_assert
    Feature record: C_FEATURE:1c_variadic_macros


Detecting C [-std=c99] compiler features compiled with the following output:
Change Dir: /Users/naville/Desktop/L4Project/GPU/CMakeFiles/CMakeTmp

Run Build Command:"/usr/bin/make" "cmTC_20c2e/fast"
/Applications/Xcode.app/Contents/Developer/usr/bin/make -f CMakeFiles/cmTC_20c2e.dir/build.make CMakeFiles/cmTC_20c2e.dir/build
Building C object CMakeFiles/cmTC_20c2e.dir/feature_tests.c.o
/Users/naville/Downloads/LLVM7/bin/clang   -std=c99 -o CMakeFiles/cmTC_20c2e.dir/feature_tests.c.o   -c /Users/naville/Desktop/L4Project/GPU/CMakeFiles/feature_tests.c
Linking C executable cmTC_20c2e
/usr/local/Cellar/cmake/3.12.3/bin/cmake -E cmake_link_script CMakeFiles/cmTC_20c2e.dir/link.txt --verbose=1
/Users/naville/Downloads/LLVM7/bin/clang   -Wl,-search_paths_first -Wl,-headerpad_max_install_names   CMakeFiles/cmTC_20c2e.dir/feature_tests.c.o  -o cmTC_20c2e 


    Feature record: C_FEATURE:1c_function_prototypes
    Feature record: C_FEATURE:1c_restrict
    Feature record: C_FEATURE:0c_static_assert
    Feature record: C_FEATURE:1c_variadic_macros


Detecting C [-std=c90] compiler features compiled with the following output:
Change Dir: /Users/naville/Desktop/L4Project/GPU/CMakeFiles/CMakeTmp

Run Build Command:"/usr/bin/make" "cmTC_e6fee/fast"
/Applications/Xcode.app/Contents/Developer/usr/bin/make -f CMakeFiles/cmTC_e6fee.dir/build.make CMakeFiles/cmTC_e6fee.dir/build
Building C object CMakeFiles/cmTC_e6fee.dir/feature_tests.c.o
/Users/naville/Downloads/LLVM7/bin/clang   -std=c90 -o CMakeFiles/cmTC_e6fee.dir/feature_tests.c.o   -c /Users/naville/Desktop/L4Project/GPU/CMakeFiles/feature_tests.c
Linking C executable cmTC_e6fee
/usr/local/Cellar/cmake/3.12.3/bin/cmake -E cmake_link_script CMakeFiles/cmTC_e6fee.dir/link.txt --verbose=1
/Users/naville/Downloads/LLVM7/bin/clang   -Wl,-search_paths_first -Wl,-headerpad_max_install_names   CMakeFiles/cmTC_e6fee.dir/feature_tests.c.o  -o cmTC_e6fee 


    Feature record: C_FEATURE:1c_function_prototypes
    Feature record: C_FEATURE:0c_restrict
    Feature record: C_FEATURE:0c_static_assert
    Feature record: C_FEATURE:0c_variadic_macros
Determining if the CXX compiler works passed with the following output:
Change Dir: /Users/naville/Desktop/L4Project/GPU/CMakeFiles/CMakeTmp

Run Build Command:"/usr/bin/make" "cmTC_186eb/fast"
/Applications/Xcode.app/Contents/Developer/usr/bin/make -f CMakeFiles/cmTC_186eb.dir/build.make CMakeFiles/cmTC_186eb.dir/build
Building CXX object CMakeFiles/cmTC_186eb.dir/testCXXCompiler.cxx.o
/Users/naville/Downloads/LLVM7/bin/clang++    -fopenmp    -o CMakeFiles/cmTC_186eb.dir/testCXXCompiler.cxx.o -c /Users/naville/Desktop/L4Project/GPU/CMakeFiles/CMakeTmp/testCXXCompiler.cxx
Linking CXX executable cmTC_186eb
/usr/local/Cellar/cmake/3.12.3/bin/cmake -E cmake_link_script CMakeFiles/cmTC_186eb.dir/link.txt --verbose=1
/Users/naville/Downloads/LLVM7/bin/clang++  -fopenmp  -Wl,-search_paths_first -Wl,-headerpad_max_install_names   CMakeFiles/cmTC_186eb.dir/testCXXCompiler.cxx.o  -o cmTC_186eb 


Detecting CXX compiler ABI info compiled with the following output:
Change Dir: /Users/naville/Desktop/L4Project/GPU/CMakeFiles/CMakeTmp

Run Build Command:"/usr/bin/make" "cmTC_b60bb/fast"
/Applications/Xcode.app/Contents/Developer/usr/bin/make -f CMakeFiles/cmTC_b60bb.dir/build.make CMakeFiles/cmTC_b60bb.dir/build
Building CXX object CMakeFiles/cmTC_b60bb.dir/CMakeCXXCompilerABI.cpp.o
/Users/naville/Downloads/LLVM7/bin/clang++    -fopenmp    -o CMakeFiles/cmTC_b60bb.dir/CMakeCXXCompilerABI.cpp.o -c /usr/local/Cellar/cmake/3.12.3/share/cmake/Modules/CMakeCXXCompilerABI.cpp
Linking CXX executable cmTC_b60bb
/usr/local/Cellar/cmake/3.12.3/bin/cmake -E cmake_link_script CMakeFiles/cmTC_b60bb.dir/link.txt --verbose=1
/Users/naville/Downloads/LLVM7/bin/clang++  -fopenmp  -Wl,-search_paths_first -Wl,-headerpad_max_install_names  -v -Wl,-v CMakeFiles/cmTC_b60bb.dir/CMakeCXXCompilerABI.cpp.o  -o cmTC_b60bb 
clang version 7.0.0 (tags/RELEASE_700/final)
Target: x86_64-apple-darwin18.2.0
Thread model: posix
InstalledDir: /Users/naville/Downloads/LLVM7/bin
 "/usr/bin/ld" -demangle -lto_library /Users/naville/Downloads/LLVM7/lib/libLTO.dylib -dynamic -arch x86_64 -macosx_version_min 10.14.0 -o cmTC_b60bb -search_paths_first -headerpad_max_install_names -v CMakeFiles/cmTC_b60bb.dir/CMakeCXXCompilerABI.cpp.o -lomp -lc++ -lSystem /Users/naville/Downloads/LLVM7/lib/clang/7.0.0/lib/darwin/libclang_rt.osx.a
@(#)PROGRAM:ld  PROJECT:ld64-409.12
BUILD 17:47:51 Sep 25 2018
configured to support archs: armv6 armv7 armv7s arm64 i386 x86_64 x86_64h armv6m armv7k armv7m armv7em arm64e arm64_32
Library search paths:
	/usr/lib
	/usr/local/lib
Framework search paths:
	/Library/Frameworks/
	/System/Library/Frameworks/


Parsed CXX implicit link information from above output:
  link line regex: [^( *|.*[/\])(ld|CMAKE_LINK_STARTFILE-NOTFOUND|([^/\]+-)?ld|collect2)[^/\]*( |$)]
  ignore line: [Change Dir: /Users/naville/Desktop/L4Project/GPU/CMakeFiles/CMakeTmp]
  ignore line: []
  ignore line: [Run Build Command:"/usr/bin/make" "cmTC_b60bb/fast"]
  ignore line: [/Applications/Xcode.app/Contents/Developer/usr/bin/make -f CMakeFiles/cmTC_b60bb.dir/build.make CMakeFiles/cmTC_b60bb.dir/build]
  ignore line: [Building CXX object CMakeFiles/cmTC_b60bb.dir/CMakeCXXCompilerABI.cpp.o]
  ignore line: [/Users/naville/Downloads/LLVM7/bin/clang++    -fopenmp    -o CMakeFiles/cmTC_b60bb.dir/CMakeCXXCompilerABI.cpp.o -c /usr/local/Cellar/cmake/3.12.3/share/cmake/Modules/CMakeCXXCompilerABI.cpp]
  ignore line: [Linking CXX executable cmTC_b60bb]
  ignore line: [/usr/local/Cellar/cmake/3.12.3/bin/cmake -E cmake_link_script CMakeFiles/cmTC_b60bb.dir/link.txt --verbose=1]
  ignore line: [/Users/naville/Downloads/LLVM7/bin/clang++  -fopenmp  -Wl,-search_paths_first -Wl,-headerpad_max_install_names  -v -Wl,-v CMakeFiles/cmTC_b60bb.dir/CMakeCXXCompilerABI.cpp.o  -o cmTC_b60bb ]
  ignore line: [clang version 7.0.0 (tags/RELEASE_700/final)]
  ignore line: [Target: x86_64-apple-darwin18.2.0]
  ignore line: [Thread model: posix]
  ignore line: [InstalledDir: /Users/naville/Downloads/LLVM7/bin]
  link line: [ "/usr/bin/ld" -demangle -lto_library /Users/naville/Downloads/LLVM7/lib/libLTO.dylib -dynamic -arch x86_64 -macosx_version_min 10.14.0 -o cmTC_b60bb -search_paths_first -headerpad_max_install_names -v CMakeFiles/cmTC_b60bb.dir/CMakeCXXCompilerABI.cpp.o -lomp -lc++ -lSystem /Users/naville/Downloads/LLVM7/lib/clang/7.0.0/lib/darwin/libclang_rt.osx.a]
    arg [/usr/bin/ld] ==> ignore
    arg [-demangle] ==> ignore
    arg [-lto_library] ==> ignore, skip following value
    arg [/Users/naville/Downloads/LLVM7/lib/libLTO.dylib] ==> skip value of -lto_library
    arg [-dynamic] ==> ignore
    arg [-arch] ==> ignore
    arg [x86_64] ==> ignore
    arg [-macosx_version_min] ==> ignore
    arg [10.14.0] ==> ignore
    arg [-o] ==> ignore
    arg [cmTC_b60bb] ==> ignore
    arg [-search_paths_first] ==> ignore
    arg [-headerpad_max_install_names] ==> ignore
    arg [-v] ==> ignore
    arg [CMakeFiles/cmTC_b60bb.dir/CMakeCXXCompilerABI.cpp.o] ==> ignore
    arg [-lomp] ==> lib [omp]
    arg [-lc++] ==> lib [c++]
    arg [-lSystem] ==> lib [System]
    arg [/Users/naville/Downloads/LLVM7/lib/clang/7.0.0/lib/darwin/libclang_rt.osx.a] ==> lib [/Users/naville/Downloads/LLVM7/lib/clang/7.0.0/lib/darwin/libclang_rt.osx.a]
  Library search paths: [;/usr/lib;/usr/local/lib]
  Framework search paths: [;/Library/Frameworks/;/System/Library/Frameworks/]
  remove lib [System]
  remove lib [/Users/naville/Downloads/LLVM7/lib/clang/7.0.0/lib/darwin/libclang_rt.osx.a]
  collapse library dir [/usr/lib] ==> [/usr/lib]
  collapse library dir [/usr/local/lib] ==> [/usr/local/lib]
  collapse framework dir [/Library/Frameworks/] ==> [/Library/Frameworks]
  collapse framework dir [/System/Library/Frameworks/] ==> [/System/Library/Frameworks]
  implicit libs: [omp;c++]
  implicit dirs: [/usr/lib;/usr/local/lib]
  implicit fwks: [/Library/Frameworks;/System/Library/Frameworks]




Detecting CXX [-std=c++2a] compiler features compiled with the following output:
Change Dir: /Users/naville/Desktop/L4Project/GPU/CMakeFiles/CMakeTmp

Run Build Command:"/usr/bin/make" "cmTC_e76d2/fast"
/Applications/Xcode.app/Contents/Developer/usr/bin/make -f CMakeFiles/cmTC_e76d2.dir/build.make CMakeFiles/cmTC_e76d2.dir/build
Building CXX object CMakeFiles/cmTC_e76d2.dir/feature_tests.cxx.o
/Users/naville/Downloads/LLVM7/bin/clang++    -fopenmp    -std=c++2a -o CMakeFiles/cmTC_e76d2.dir/feature_tests.cxx.o -c /Users/naville/Desktop/L4Project/GPU/CMakeFiles/feature_tests.cxx
Linking CXX executable cmTC_e76d2
/usr/local/Cellar/cmake/3.12.3/bin/cmake -E cmake_link_script CMakeFiles/cmTC_e76d2.dir/link.txt --verbose=1
/Users/naville/Downloads/LLVM7/bin/clang++  -fopenmp  -Wl,-search_paths_first -Wl,-headerpad_max_install_names   CMakeFiles/cmTC_e76d2.dir/feature_tests.cxx.o  -o cmTC_e76d2 


    Feature record: CXX_FEATURE:1cxx_aggregate_default_initializers
    Feature record: CXX_FEATURE:1cxx_alias_templates
    Feature record: CXX_FEATURE:1cxx_alignas
    Feature record: CXX_FEATURE:1cxx_alignof
    Feature record: CXX_FEATURE:1cxx_attributes
    Feature record: CXX_FEATURE:1cxx_attribute_deprecated
    Feature record: CXX_FEATURE:1cxx_auto_type
    Feature record: CXX_FEATURE:1cxx_binary_literals
    Feature record: CXX_FEATURE:1cxx_constexpr
    Feature record: CXX_FEATURE:1cxx_contextual_conversions
    Feature record: CXX_FEATURE:1cxx_decltype
    Feature record: CXX_FEATURE:1cxx_decltype_auto
    Feature record: CXX_FEATURE:1cxx_decltype_incomplete_return_types
    Feature record: CXX_FEATURE:1cxx_default_function_template_args
    Feature record: CXX_FEATURE:1cxx_defaulted_functions
    Feature record: CXX_FEATURE:1cxx_defaulted_move_initializers
    Feature record: CXX_FEATURE:1cxx_delegating_constructors
    Feature record: CXX_FEATURE:1cxx_deleted_functions
    Feature record: CXX_FEATURE:1cxx_digit_separators
    Feature record: CXX_FEATURE:1cxx_enum_forward_declarations
    Feature record: CXX_FEATURE:1cxx_explicit_conversions
    Feature record: CXX_FEATURE:1cxx_extended_friend_declarations
    Feature record: CXX_FEATURE:1cxx_extern_templates
    Feature record: CXX_FEATURE:1cxx_final
    Feature record: CXX_FEATURE:1cxx_func_identifier
    Feature record: CXX_FEATURE:1cxx_generalized_initializers
    Feature record: CXX_FEATURE:1cxx_generic_lambdas
    Feature record: CXX_FEATURE:1cxx_inheriting_constructors
    Feature record: CXX_FEATURE:1cxx_inline_namespaces
    Feature record: CXX_FEATURE:1cxx_lambdas
    Feature record: CXX_FEATURE:1cxx_lambda_init_captures
    Feature record: CXX_FEATURE:1cxx_local_type_template_args
    Feature record: CXX_FEATURE:1cxx_long_long_type
    Feature record: CXX_FEATURE:1cxx_noexcept
    Feature record: CXX_FEATURE:1cxx_nonstatic_member_init
    Feature record: CXX_FEATURE:1cxx_nullptr
    Feature record: CXX_FEATURE:1cxx_override
    Feature record: CXX_FEATURE:1cxx_range_for
    Feature record: CXX_FEATURE:1cxx_raw_string_literals
    Feature record: CXX_FEATURE:1cxx_reference_qualified_functions
    Feature record: CXX_FEATURE:1cxx_relaxed_constexpr
    Feature record: CXX_FEATURE:1cxx_return_type_deduction
    Feature record: CXX_FEATURE:1cxx_right_angle_brackets
    Feature record: CXX_FEATURE:1cxx_rvalue_references
    Feature record: CXX_FEATURE:1cxx_sizeof_member
    Feature record: CXX_FEATURE:1cxx_static_assert
    Feature record: CXX_FEATURE:1cxx_strong_enums
    Feature record: CXX_FEATURE:1cxx_template_template_parameters
    Feature record: CXX_FEATURE:1cxx_thread_local
    Feature record: CXX_FEATURE:1cxx_trailing_return_types
    Feature record: CXX_FEATURE:1cxx_unicode_literals
    Feature record: CXX_FEATURE:1cxx_uniform_initialization
    Feature record: CXX_FEATURE:1cxx_unrestricted_unions
    Feature record: CXX_FEATURE:1cxx_user_literals
    Feature record: CXX_FEATURE:1cxx_variable_templates
    Feature record: CXX_FEATURE:1cxx_variadic_macros
    Feature record: CXX_FEATURE:1cxx_variadic_templates


Detecting CXX [-std=c++17] compiler features compiled with the following output:
Change Dir: /Users/naville/Desktop/L4Project/GPU/CMakeFiles/CMakeTmp

Run Build Command:"/usr/bin/make" "cmTC_ca95a/fast"
/Applications/Xcode.app/Contents/Developer/usr/bin/make -f CMakeFiles/cmTC_ca95a.dir/build.make CMakeFiles/cmTC_ca95a.dir/build
Building CXX object CMakeFiles/cmTC_ca95a.dir/feature_tests.cxx.o
/Users/naville/Downloads/LLVM7/bin/clang++    -fopenmp    -std=c++17 -o CMakeFiles/cmTC_ca95a.dir/feature_tests.cxx.o -c /Users/naville/Desktop/L4Project/GPU/CMakeFiles/feature_tests.cxx
Linking CXX executable cmTC_ca95a
/usr/local/Cellar/cmake/3.12.3/bin/cmake -E cmake_link_script CMakeFiles/cmTC_ca95a.dir/link.txt --verbose=1
/Users/naville/Downloads/LLVM7/bin/clang++  -fopenmp  -Wl,-search_paths_first -Wl,-headerpad_max_install_names   CMakeFiles/cmTC_ca95a.dir/feature_tests.cxx.o  -o cmTC_ca95a 


    Feature record: CXX_FEATURE:1cxx_aggregate_default_initializers
    Feature record: CXX_FEATURE:1cxx_alias_templates
    Feature record: CXX_FEATURE:1cxx_alignas
    Feature record: CXX_FEATURE:1cxx_alignof
    Feature record: CXX_FEATURE:1cxx_attributes
    Feature record: CXX_FEATURE:1cxx_attribute_deprecated
    Feature record: CXX_FEATURE:1cxx_auto_type
    Feature record: CXX_FEATURE:1cxx_binary_literals
    Feature record: CXX_FEATURE:1cxx_constexpr
    Feature record: CXX_FEATURE:1cxx_contextual_conversions
    Feature record: CXX_FEATURE:1cxx_decltype
    Feature record: CXX_FEATURE:1cxx_decltype_auto
    Feature record: CXX_FEATURE:1cxx_decltype_incomplete_return_types
    Feature record: CXX_FEATURE:1cxx_default_function_template_args
    Feature record: CXX_FEATURE:1cxx_defaulted_functions
    Feature record: CXX_FEATURE:1cxx_defaulted_move_initializers
    Feature record: CXX_FEATURE:1cxx_delegating_constructors
    Feature record: CXX_FEATURE:1cxx_deleted_functions
    Feature record: CXX_FEATURE:1cxx_digit_separators
    Feature record: CXX_FEATURE:1cxx_enum_forward_declarations
    Feature record: CXX_FEATURE:1cxx_explicit_conversions
    Feature record: CXX_FEATURE:1cxx_extended_friend_declarations
    Feature record: CXX_FEATURE:1cxx_extern_templates
    Feature record: CXX_FEATURE:1cxx_final
    Feature record: CXX_FEATURE:1cxx_func_identifier
    Feature record: CXX_FEATURE:1cxx_generalized_initializers
    Feature record: CXX_FEATURE:1cxx_generic_lambdas
    Feature record: CXX_FEATURE:1cxx_inheriting_constructors
    Feature record: CXX_FEATURE:1cxx_inline_namespaces
    Feature record: CXX_FEATURE:1cxx_lambdas
    Feature record: CXX_FEATURE:1cxx_lambda_init_captures
    Feature record: CXX_FEATURE:1cxx_local_type_template_args
    Feature record: CXX_FEATURE:1cxx_long_long_type
    Feature record: CXX_FEATURE:1cxx_noexcept
    Feature record: CXX_FEATURE:1cxx_nonstatic_member_init
    Feature record: CXX_FEATURE:1cxx_nullptr
    Feature record: CXX_FEATURE:1cxx_override
    Feature record: CXX_FEATURE:1cxx_range_for
    Feature record: CXX_FEATURE:1cxx_raw_string_literals
    Feature record: CXX_FEATURE:1cxx_reference_qualified_functions
    Feature record: CXX_FEATURE:1cxx_relaxed_constexpr
    Feature record: CXX_FEATURE:1cxx_return_type_deduction
    Feature record: CXX_FEATURE:1cxx_right_angle_brackets
    Feature record: CXX_FEATURE:1cxx_rvalue_references
    Feature record: CXX_FEATURE:1cxx_sizeof_member
    Feature record: CXX_FEATURE:1cxx_static_assert
    Feature record: CXX_FEATURE:1cxx_strong_enums
    Feature record: CXX_FEATURE:1cxx_template_template_parameters
    Feature record: CXX_FEATURE:1cxx_thread_local
    Feature record: CXX_FEATURE:1cxx_trailing_return_types
    Feature record: CXX_FEATURE:1cxx_unicode_literals
    Feature record: CXX_FEATURE:1cxx_uniform_initialization
    Feature record: CXX_FEATURE:1cxx_unrestricted_unions
    Feature record: CXX_FEATURE:1cxx_user_literals
    Feature record: CXX_FEATURE:1cxx_variable_templates
    Feature record: CXX_FEATURE:1cxx_variadic_macros
    Feature record: CXX_FEATURE:1cxx_variadic_templates


Detecting CXX [-std=c++14] compiler features compiled with the following output:
Change Dir: /Users/naville/Desktop/L4Project/GPU/CMakeFiles/CMakeTmp

Run Build Command:"/usr/bin/make" "cmTC_1de1d/fast"
/Applications/Xcode.app/Contents/Developer/usr/bin/make -f CMakeFiles/cmTC_1de1d.dir/build.make CMakeFiles/cmTC_1de1d.dir/build
Building CXX object CMakeFiles/cmTC_1de1d.dir/feature_tests.cxx.o
/Users/naville/Downloads/LLVM7/bin/clang++    -fopenmp    -std=c++14 -o CMakeFiles/cmTC_1de1d.dir/feature_tests.cxx.o -c /Users/naville/Desktop/L4Project/GPU/CMakeFiles/feature_tests.cxx
Linking CXX executable cmTC_1de1d
/usr/local/Cellar/cmake/3.12.3/bin/cmake -E cmake_link_script CMakeFiles/cmTC_1de1d.dir/link.txt --verbose=1
/Users/naville/Downloads/LLVM7/bin/clang++  -fopenmp  -Wl,-search_paths_first -Wl,-headerpad_max_install_names   CMakeFiles/cmTC_1de1d.dir/feature_tests.cxx.o  -o cmTC_1de1d 


    Feature record: CXX_FEATURE:1cxx_aggregate_default_initializers
    Feature record: CXX_FEATURE:1cxx_alias_templates
    Feature record: CXX_FEATURE:1cxx_alignas
    Feature record: CXX_FEATURE:1cxx_alignof
    Feature record: CXX_FEATURE:1cxx_attributes
    Feature record: CXX_FEATURE:1cxx_attribute_deprecated
    Feature record: CXX_FEATURE:1cxx_auto_type
    Feature record: CXX_FEATURE:1cxx_binary_literals
    Feature record: CXX_FEATURE:1cxx_constexpr
    Feature record: CXX_FEATURE:1cxx_contextual_conversions
    Feature record: CXX_FEATURE:1cxx_decltype
    Feature record: CXX_FEATURE:1cxx_decltype_auto
    Feature record: CXX_FEATURE:1cxx_decltype_incomplete_return_types
    Feature record: CXX_FEATURE:1cxx_default_function_template_args
    Feature record: CXX_FEATURE:1cxx_defaulted_functions
    Feature record: CXX_FEATURE:1cxx_defaulted_move_initializers
    Feature record: CXX_FEATURE:1cxx_delegating_constructors
    Feature record: CXX_FEATURE:1cxx_deleted_functions
    Feature record: CXX_FEATURE:1cxx_digit_separators
    Feature record: CXX_FEATURE:1cxx_enum_forward_declarations
    Feature record: CXX_FEATURE:1cxx_explicit_conversions
    Feature record: CXX_FEATURE:1cxx_extended_friend_declarations
    Feature record: CXX_FEATURE:1cxx_extern_templates
    Feature record: CXX_FEATURE:1cxx_final
    Feature record: CXX_FEATURE:1cxx_func_identifier
    Feature record: CXX_FEATURE:1cxx_generalized_initializers
    Feature record: CXX_FEATURE:1cxx_generic_lambdas
    Feature record: CXX_FEATURE:1cxx_inheriting_constructors
    Feature record: CXX_FEATURE:1cxx_inline_namespaces
    Feature record: CXX_FEATURE:1cxx_lambdas
    Feature record: CXX_FEATURE:1cxx_lambda_init_captures
    Feature record: CXX_FEATURE:1cxx_local_type_template_args
    Feature record: CXX_FEATURE:1cxx_long_long_type
    Feature record: CXX_FEATURE:1cxx_noexcept
    Feature record: CXX_FEATURE:1cxx_nonstatic_member_init
    Feature record: CXX_FEATURE:1cxx_nullptr
    Feature record: CXX_FEATURE:1cxx_override
    Feature record: CXX_FEATURE:1cxx_range_for
    Feature record: CXX_FEATURE:1cxx_raw_string_literals
    Feature record: CXX_FEATURE:1cxx_reference_qualified_functions
    Feature record: CXX_FEATURE:1cxx_relaxed_constexpr
    Feature record: CXX_FEATURE:1cxx_return_type_deduction
    Feature record: CXX_FEATURE:1cxx_right_angle_brackets
    Feature record: CXX_FEATURE:1cxx_rvalue_references
    Feature record: CXX_FEATURE:1cxx_sizeof_member
    Feature record: CXX_FEATURE:1cxx_static_assert
    Feature record: CXX_FEATURE:1cxx_strong_enums
    Feature record: CXX_FEATURE:1cxx_template_template_parameters
    Feature record: CXX_FEATURE:1cxx_thread_local
    Feature record: CXX_FEATURE:1cxx_trailing_return_types
    Feature record: CXX_FEATURE:1cxx_unicode_literals
    Feature record: CXX_FEATURE:1cxx_uniform_initialization
    Feature record: CXX_FEATURE:1cxx_unrestricted_unions
    Feature record: CXX_FEATURE:1cxx_user_literals
    Feature record: CXX_FEATURE:1cxx_variable_templates
    Feature record: CXX_FEATURE:1cxx_variadic_macros
    Feature record: CXX_FEATURE:1cxx_variadic_templates


Detecting CXX [-std=c++11] compiler features compiled with the following output:
Change Dir: /Users/naville/Desktop/L4Project/GPU/CMakeFiles/CMakeTmp

Run Build Command:"/usr/bin/make" "cmTC_37796/fast"
/Applications/Xcode.app/Contents/Developer/usr/bin/make -f CMakeFiles/cmTC_37796.dir/build.make CMakeFiles/cmTC_37796.dir/build
Building CXX object CMakeFiles/cmTC_37796.dir/feature_tests.cxx.o
/Users/naville/Downloads/LLVM7/bin/clang++    -fopenmp    -std=c++11 -o CMakeFiles/cmTC_37796.dir/feature_tests.cxx.o -c /Users/naville/Desktop/L4Project/GPU/CMakeFiles/feature_tests.cxx
Linking CXX executable cmTC_37796
/usr/local/Cellar/cmake/3.12.3/bin/cmake -E cmake_link_script CMakeFiles/cmTC_37796.dir/link.txt --verbose=1
/Users/naville/Downloads/LLVM7/bin/clang++  -fopenmp  -Wl,-search_paths_first -Wl,-headerpad_max_install_names   CMakeFiles/cmTC_37796.dir/feature_tests.cxx.o  -o cmTC_37796 


    Feature record: CXX_FEATURE:0cxx_aggregate_default_initializers
    Feature record: CXX_FEATURE:1cxx_alias_templates
    Feature record: CXX_FEATURE:1cxx_alignas
    Feature record: CXX_FEATURE:1cxx_alignof
    Feature record: CXX_FEATURE:1cxx_attributes
    Feature record: CXX_FEATURE:0cxx_attribute_deprecated
    Feature record: CXX_FEATURE:1cxx_auto_type
    Feature record: CXX_FEATURE:0cxx_binary_literals
    Feature record: CXX_FEATURE:1cxx_constexpr
    Feature record: CXX_FEATURE:0cxx_contextual_conversions
    Feature record: CXX_FEATURE:1cxx_decltype
    Feature record: CXX_FEATURE:0cxx_decltype_auto
    Feature record: CXX_FEATURE:1cxx_decltype_incomplete_return_types
    Feature record: CXX_FEATURE:1cxx_default_function_template_args
    Feature record: CXX_FEATURE:1cxx_defaulted_functions
    Feature record: CXX_FEATURE:1cxx_defaulted_move_initializers
    Feature record: CXX_FEATURE:1cxx_delegating_constructors
    Feature record: CXX_FEATURE:1cxx_deleted_functions
    Feature record: CXX_FEATURE:0cxx_digit_separators
    Feature record: CXX_FEATURE:1cxx_enum_forward_declarations
    Feature record: CXX_FEATURE:1cxx_explicit_conversions
    Feature record: CXX_FEATURE:1cxx_extended_friend_declarations
    Feature record: CXX_FEATURE:1cxx_extern_templates
    Feature record: CXX_FEATURE:1cxx_final
    Feature record: CXX_FEATURE:1cxx_func_identifier
    Feature record: CXX_FEATURE:1cxx_generalized_initializers
    Feature record: CXX_FEATURE:0cxx_generic_lambdas
    Feature record: CXX_FEATURE:1cxx_inheriting_constructors
    Feature record: CXX_FEATURE:1cxx_inline_namespaces
    Feature record: CXX_FEATURE:1cxx_lambdas
    Feature record: CXX_FEATURE:0cxx_lambda_init_captures
    Feature record: CXX_FEATURE:1cxx_local_type_template_args
    Feature record: CXX_FEATURE:1cxx_long_long_type
    Feature record: CXX_FEATURE:1cxx_noexcept
    Feature record: CXX_FEATURE:1cxx_nonstatic_member_init
    Feature record: CXX_FEATURE:1cxx_nullptr
    Feature record: CXX_FEATURE:1cxx_override
    Feature record: CXX_FEATURE:1cxx_range_for
    Feature record: CXX_FEATURE:1cxx_raw_string_literals
    Feature record: CXX_FEATURE:1cxx_reference_qualified_functions
    Feature record: CXX_FEATURE:0cxx_relaxed_constexpr
    Feature record: CXX_FEATURE:0cxx_return_type_deduction
    Feature record: CXX_FEATURE:1cxx_right_angle_brackets
    Feature record: CXX_FEATURE:1cxx_rvalue_references
    Feature record: CXX_FEATURE:1cxx_sizeof_member
    Feature record: CXX_FEATURE:1cxx_static_assert
    Feature record: CXX_FEATURE:1cxx_strong_enums
    Feature record: CXX_FEATURE:1cxx_template_template_parameters
    Feature record: CXX_FEATURE:1cxx_thread_local
    Feature record: CXX_FEATURE:1cxx_trailing_return_types
    Feature record: CXX_FEATURE:1cxx_unicode_literals
    Feature record: CXX_FEATURE:1cxx_uniform_initialization
    Feature record: CXX_FEATURE:1cxx_unrestricted_unions
    Feature record: CXX_FEATURE:1cxx_user_literals
    Feature record: CXX_FEATURE:0cxx_variable_templates
    Feature record: CXX_FEATURE:1cxx_variadic_macros
    Feature record: CXX_FEATURE:1cxx_variadic_templates


Detecting CXX [-std=c++98] compiler features compiled with the following output:
Change Dir: /Users/naville/Desktop/L4Project/GPU/CMakeFiles/CMakeTmp

Run Build Command:"/usr/bin/make" "cmTC_80220/fast"
/Applications/Xcode.app/Contents/Developer/usr/bin/make -f CMakeFiles/cmTC_80220.dir/build.make CMakeFiles/cmTC_80220.dir/build
Building CXX object CMakeFiles/cmTC_80220.dir/feature_tests.cxx.o
/Users/naville/Downloads/LLVM7/bin/clang++    -fopenmp    -std=c++98 -o CMakeFiles/cmTC_80220.dir/feature_tests.cxx.o -c /Users/naville/Desktop/L4Project/GPU/CMakeFiles/feature_tests.cxx
Linking CXX executable cmTC_80220
/usr/local/Cellar/cmake/3.12.3/bin/cmake -E cmake_link_script CMakeFiles/cmTC_80220.dir/link.txt --verbose=1
/Users/naville/Downloads/LLVM7/bin/clang++  -fopenmp  -Wl,-search_paths_first -Wl,-headerpad_max_install_names   CMakeFiles/cmTC_80220.dir/feature_tests.cxx.o  -o cmTC_80220 


    Feature record: CXX_FEATURE:0cxx_aggregate_default_initializers
    Feature record: CXX_FEATURE:0cxx_alias_templates
    Feature record: CXX_FEATURE:0cxx_alignas
    Feature record: CXX_FEATURE:0cxx_alignof
    Feature record: CXX_FEATURE:0cxx_attributes
    Feature record: CXX_FEATURE:0cxx_attribute_deprecated
    Feature record: CXX_FEATURE:0cxx_auto_type
    Feature record: CXX_FEATURE:0cxx_binary_literals
    Feature record: CXX_FEATURE:0cxx_constexpr
    Feature record: CXX_FEATURE:0cxx_contextual_conversions
    Feature record: CXX_FEATURE:0cxx_decltype
    Feature record: CXX_FEATURE:0cxx_decltype_auto
    Feature record: CXX_FEATURE:0cxx_decltype_incomplete_return_types
    Feature record: CXX_FEATURE:0cxx_default_function_template_args
    Feature record: CXX_FEATURE:0cxx_defaulted_functions
    Feature record: CXX_FEATURE:0cxx_defaulted_move_initializers
    Feature record: CXX_FEATURE:0cxx_delegating_constructors
    Feature record: CXX_FEATURE:0cxx_deleted_functions
    Feature record: CXX_FEATURE:0cxx_digit_separators
    Feature record: CXX_FEATURE:0cxx_enum_forward_declarations
    Feature record: CXX_FEATURE:0cxx_explicit_conversions
    Feature record: CXX_FEATURE:0cxx_extended_friend_declarations
    Feature record: CXX_FEATURE:0cxx_extern_templates
    Feature record: CXX_FEATURE:0cxx_final
    Feature record: CXX_FEATURE:0cxx_func_identifier
    Feature record: CXX_FEATURE:0cxx_generalized_initializers
    Feature record: CXX_FEATURE:0cxx_generic_lambdas
    Feature record: CXX_FEATURE:0cxx_inheriting_constructors
    Feature record: CXX_FEATURE:0cxx_inline_namespaces
    Feature record: CXX_FEATURE:0cxx_lambdas
    Feature record: CXX_FEATURE:0cxx_lambda_init_captures
    Feature record: CXX_FEATURE:0cxx_local_type_template_args
    Feature record: CXX_FEATURE:0cxx_long_long_type
    Feature record: CXX_FEATURE:0cxx_noexcept
    Feature record: CXX_FEATURE:0cxx_nonstatic_member_init
    Feature record: CXX_FEATURE:0cxx_nullptr
    Feature record: CXX_FEATURE:0cxx_override
    Feature record: CXX_FEATURE:0cxx_range_for
    Feature record: CXX_FEATURE:0cxx_raw_string_literals
    Feature record: CXX_FEATURE:0cxx_reference_qualified_functions
    Feature record: CXX_FEATURE:0cxx_relaxed_constexpr
    Feature record: CXX_FEATURE:0cxx_return_type_deduction
    Feature record: CXX_FEATURE:0cxx_right_angle_brackets
    Feature record: CXX_FEATURE:0cxx_rvalue_references
    Feature record: CXX_FEATURE:0cxx_sizeof_member
    Feature record: CXX_FEATURE:0cxx_static_assert
    Feature record: CXX_FEATURE:0cxx_strong_enums
    Feature record: CXX_FEATURE:1cxx_template_template_parameters
    Feature record: CXX_FEATURE:0cxx_thread_local
    Feature record: CXX_FEATURE:0cxx_trailing_return_types
    Feature record: CXX_FEATURE:0cxx_unicode_literals
    Feature record: CXX_FEATURE:0cxx_uniform_initialization
    Feature record: CXX_FEATURE:0cxx_unrestricted_unions
    Feature record: CXX_FEATURE:0cxx_user_literals
    Feature record: CXX_FEATURE:0cxx_variable_templates
    Feature record: CXX_FEATURE:0cxx_variadic_macros
    Feature record: CXX_FEATURE:0cxx_variadic_templates
Detecting C OpenMP compiler ABI info compiled with the following output:
Change Dir: /Users/naville/Desktop/L4Project/GPU/CMakeFiles/CMakeTmp

Run Build Command:"/usr/bin/make" "cmTC_5612a/fast"
/Applications/Xcode.app/Contents/Developer/usr/bin/make -f CMakeFiles/cmTC_5612a.dir/build.make CMakeFiles/cmTC_5612a.dir/build
Building C object CMakeFiles/cmTC_5612a.dir/OpenMPTryFlag.c.o
/Users/naville/Downloads/LLVM7/bin/clang   -fopenmp=libomp -v   -o CMakeFiles/cmTC_5612a.dir/OpenMPTryFlag.c.o   -c /Users/naville/Desktop/L4Project/GPU/CMakeFiles/FindOpenMP/OpenMPTryFlag.c
clang version 7.0.0 (tags/RELEASE_700/final)
Target: x86_64-apple-darwin18.2.0
Thread model: posix
InstalledDir: /Users/naville/Downloads/LLVM7/bin
 "/Users/naville/Downloads/LLVM7/bin/clang-7" -cc1 -triple x86_64-apple-macosx10.14.0 -Wdeprecated-objc-isa-usage -Werror=deprecated-objc-isa-usage -emit-obj -mrelax-all -disable-free -disable-llvm-verifier -discard-value-names -main-file-name OpenMPTryFlag.c -mrelocation-model pic -pic-level 2 -mthread-model posix -mdisable-fp-elim -masm-verbose -munwind-tables -target-cpu penryn -dwarf-column-info -debugger-tuning=lldb -target-linker-version 409.12 -v -coverage-notes-file /Users/naville/Desktop/L4Project/GPU/CMakeFiles/CMakeTmp/CMakeFiles/cmTC_5612a.dir/OpenMPTryFlag.c.gcno -resource-dir /Users/naville/Downloads/LLVM7/lib/clang/7.0.0 -fdebug-compilation-dir /Users/naville/Desktop/L4Project/GPU/CMakeFiles/CMakeTmp -ferror-limit 19 -fmessage-length 0 -fopenmp -stack-protector 1 -fblocks -fencode-extended-block-signature -fregister-global-dtors-with-atexit -fobjc-runtime=macosx-10.14.0 -fmax-type-align=16 -fdiagnostics-show-option -o CMakeFiles/cmTC_5612a.dir/OpenMPTryFlag.c.o -x c /Users/naville/Desktop/L4Project/GPU/CMakeFiles/FindOpenMP/OpenMPTryFlag.c
clang -cc1 version 7.0.0 based upon LLVM 7.0.0 default target x86_64-apple-darwin18.2.0
#include "..." search starts here:
#include <...> search starts here:
 /usr/local/include
 /Users/naville/Downloads/LLVM7/lib/clang/7.0.0/include
 /usr/include
 /System/Library/Frameworks (framework directory)
 /Library/Frameworks (framework directory)
End of search list.
Linking C executable cmTC_5612a
/usr/local/Cellar/cmake/3.12.3/bin/cmake -E cmake_link_script CMakeFiles/cmTC_5612a.dir/link.txt --verbose=1
/Users/naville/Downloads/LLVM7/bin/clang  -fopenmp=libomp -v -Wl,-search_paths_first -Wl,-headerpad_max_install_names   CMakeFiles/cmTC_5612a.dir/OpenMPTryFlag.c.o  -o cmTC_5612a -v -Wl,-v 
clang version 7.0.0 (tags/RELEASE_700/final)
Target: x86_64-apple-darwin18.2.0
Thread model: posix
InstalledDir: /Users/naville/Downloads/LLVM7/bin
 "/usr/bin/ld" -demangle -lto_library /Users/naville/Downloads/LLVM7/lib/libLTO.dylib -dynamic -arch x86_64 -macosx_version_min 10.14.0 -o cmTC_5612a -search_paths_first -headerpad_max_install_names CMakeFiles/cmTC_5612a.dir/OpenMPTryFlag.c.o -v -lomp -lSystem /Users/naville/Downloads/LLVM7/lib/clang/7.0.0/lib/darwin/libclang_rt.osx.a
@(#)PROGRAM:ld  PROJECT:ld64-409.12
BUILD 17:47:51 Sep 25 2018
configured to support archs: armv6 armv7 armv7s arm64 i386 x86_64 x86_64h armv6m armv7k armv7m armv7em arm64e arm64_32
Library search paths:
	/usr/lib
	/usr/local/lib
Framework search paths:
	/Library/Frameworks/
	/System/Library/Frameworks/


Parsed C OpenMP implicit link information from above output:
  link line regex: [^( *|.*[/\])(ld|CMAKE_LINK_STARTFILE-NOTFOUND|([^/\]+-)?ld|collect2)[^/\]*( |$)]
  ignore line: [Change Dir: /Users/naville/Desktop/L4Project/GPU/CMakeFiles/CMakeTmp]
  ignore line: []
  ignore line: [Run Build Command:"/usr/bin/make" "cmTC_5612a/fast"]
  ignore line: [/Applications/Xcode.app/Contents/Developer/usr/bin/make -f CMakeFiles/cmTC_5612a.dir/build.make CMakeFiles/cmTC_5612a.dir/build]
  ignore line: [Building C object CMakeFiles/cmTC_5612a.dir/OpenMPTryFlag.c.o]
  ignore line: [/Users/naville/Downloads/LLVM7/bin/clang   -fopenmp=libomp -v   -o CMakeFiles/cmTC_5612a.dir/OpenMPTryFlag.c.o   -c /Users/naville/Desktop/L4Project/GPU/CMakeFiles/FindOpenMP/OpenMPTryFlag.c]
  ignore line: [clang version 7.0.0 (tags/RELEASE_700/final)]
  ignore line: [Target: x86_64-apple-darwin18.2.0]
  ignore line: [Thread model: posix]
  ignore line: [InstalledDir: /Users/naville/Downloads/LLVM7/bin]
  ignore line: [ "/Users/naville/Downloads/LLVM7/bin/clang-7" -cc1 -triple x86_64-apple-macosx10.14.0 -Wdeprecated-objc-isa-usage -Werror=deprecated-objc-isa-usage -emit-obj -mrelax-all -disable-free -disable-llvm-verifier -discard-value-names -main-file-name OpenMPTryFlag.c -mrelocation-model pic -pic-level 2 -mthread-model posix -mdisable-fp-elim -masm-verbose -munwind-tables -target-cpu penryn -dwarf-column-info -debugger-tuning=lldb -target-linker-version 409.12 -v -coverage-notes-file /Users/naville/Desktop/L4Project/GPU/CMakeFiles/CMakeTmp/CMakeFiles/cmTC_5612a.dir/OpenMPTryFlag.c.gcno -resource-dir /Users/naville/Downloads/LLVM7/lib/clang/7.0.0 -fdebug-compilation-dir /Users/naville/Desktop/L4Project/GPU/CMakeFiles/CMakeTmp -ferror-limit 19 -fmessage-length 0 -fopenmp -stack-protector 1 -fblocks -fencode-extended-block-signature -fregister-global-dtors-with-atexit -fobjc-runtime=macosx-10.14.0 -fmax-type-align=16 -fdiagnostics-show-option -o CMakeFiles/cmTC_5612a.dir/OpenMPTryFlag.c.o -x c /Users/naville/Desktop/L4Project/GPU/CMakeFiles/FindOpenMP/OpenMPTryFlag.c]
  ignore line: [clang -cc1 version 7.0.0 based upon LLVM 7.0.0 default target x86_64-apple-darwin18.2.0]
  ignore line: [#include "..." search starts here:]
  ignore line: [#include <...> search starts here:]
  ignore line: [ /usr/local/include]
  ignore line: [ /Users/naville/Downloads/LLVM7/lib/clang/7.0.0/include]
  ignore line: [ /usr/include]
  ignore line: [ /System/Library/Frameworks (framework directory)]
  ignore line: [ /Library/Frameworks (framework directory)]
  ignore line: [End of search list.]
  ignore line: [Linking C executable cmTC_5612a]
  ignore line: [/usr/local/Cellar/cmake/3.12.3/bin/cmake -E cmake_link_script CMakeFiles/cmTC_5612a.dir/link.txt --verbose=1]
  ignore line: [/Users/naville/Downloads/LLVM7/bin/clang  -fopenmp=libomp -v -Wl,-search_paths_first -Wl,-headerpad_max_install_names   CMakeFiles/cmTC_5612a.dir/OpenMPTryFlag.c.o  -o cmTC_5612a -v -Wl,-v ]
  ignore line: [clang version 7.0.0 (tags/RELEASE_700/final)]
  ignore line: [Target: x86_64-apple-darwin18.2.0]
  ignore line: [Thread model: posix]
  ignore line: [InstalledDir: /Users/naville/Downloads/LLVM7/bin]
  link line: [ "/usr/bin/ld" -demangle -lto_library /Users/naville/Downloads/LLVM7/lib/libLTO.dylib -dynamic -arch x86_64 -macosx_version_min 10.14.0 -o cmTC_5612a -search_paths_first -headerpad_max_install_names CMakeFiles/cmTC_5612a.dir/OpenMPTryFlag.c.o -v -lomp -lSystem /Users/naville/Downloads/LLVM7/lib/clang/7.0.0/lib/darwin/libclang_rt.osx.a]
    arg [/usr/bin/ld] ==> ignore
    arg [-demangle] ==> ignore
    arg [-lto_library] ==> ignore, skip following value
    arg [/Users/naville/Downloads/LLVM7/lib/libLTO.dylib] ==> skip value of -lto_library
    arg [-dynamic] ==> ignore
    arg [-arch] ==> ignore
    arg [x86_64] ==> ignore
    arg [-macosx_version_min] ==> ignore
    arg [10.14.0] ==> ignore
    arg [-o] ==> ignore
    arg [cmTC_5612a] ==> ignore
    arg [-search_paths_first] ==> ignore
    arg [-headerpad_max_install_names] ==> ignore
    arg [CMakeFiles/cmTC_5612a.dir/OpenMPTryFlag.c.o] ==> ignore
    arg [-v] ==> ignore
    arg [-lomp] ==> lib [omp]
    arg [-lSystem] ==> lib [System]
    arg [/Users/naville/Downloads/LLVM7/lib/clang/7.0.0/lib/darwin/libclang_rt.osx.a] ==> lib [/Users/naville/Downloads/LLVM7/lib/clang/7.0.0/lib/darwin/libclang_rt.osx.a]
  Library search paths: [;/usr/lib;/usr/local/lib]
  Framework search paths: [;/Library/Frameworks/;/System/Library/Frameworks/]
  remove lib [System]
  remove lib [/Users/naville/Downloads/LLVM7/lib/clang/7.0.0/lib/darwin/libclang_rt.osx.a]
  collapse library dir [/usr/lib] ==> [/usr/lib]
  collapse library dir [/usr/local/lib] ==> [/usr/local/lib]
  collapse framework dir [/Library/Frameworks/] ==> [/Library/Frameworks]
  collapse framework dir [/System/Library/Frameworks/] ==> [/System/Library/Frameworks]
  implicit libs: [omp]
  implicit dirs: [/usr/lib;/usr/local/lib]
  implicit fwks: [/Library/Frameworks;/System/Library/Frameworks]


